<?xml version="1.0" encoding="UTF-8"?>
<testsuite xmlns:xsi="http://www.w3.org/2001/XMLSchema-instance" xsi:noNamespaceSchemaLocation="https://maven.apache.org/surefire/maven-surefire-plugin/xsd/surefire-test-report-3.0.xsd" version="3.0" name="org.example.lesson4.TriangleTest" time="0.194" tests="12" errors="0" skipped="0" failures="0">
  <properties>
[...]
</properties>
  <testcase name="calcAreaZTSExceptionTest(int, int, int)[1]" classname="org.example.lesson4.TriangleTest" time="0.019">
    <system-out><![CDATA[17:43:50,925 |-INFO in ch.qos.logback.classic.LoggerContext[default] - This is logback-classic version 1.4.5
17:43:50,940 |-INFO in ch.qos.logback.classic.LoggerContext[default] - Could NOT find resource [logback-test.xml]
17:43:50,941 |-INFO in ch.qos.logback.classic.LoggerContext[default] - Found resource [logback.xml] at [file:/Users/mteslenko/IdeaProjects/WebUIAutotests/target/test-classes/logback.xml]
17:43:50,993 |-INFO in ch.qos.logback.core.model.processor.AppenderModelHandler - Processing appender named [CONSOLE]
17:43:50,993 |-INFO in ch.qos.logback.core.model.processor.AppenderModelHandler - About to instantiate appender of type [ch.qos.logback.core.ConsoleAppender]
17:43:51,013 |-WARN in ch.qos.logback.core.ConsoleAppender[CONSOLE] - This appender no longer admits a layout as a sub-component, set an encoder instead.
17:43:51,013 |-WARN in ch.qos.logback.core.ConsoleAppender[CONSOLE] - To ensure compatibility, wrapping your layout in LayoutWrappingEncoder.
17:43:51,013 |-WARN in ch.qos.logback.core.ConsoleAppender[CONSOLE] - See also http://logback.qos.ch/codes.html#layoutInsteadOfEncoder for details
17:43:51,013 |-INFO in ch.qos.logback.classic.model.processor.RootLoggerModelHandler - Setting level of ROOT logger to ERROR
17:43:51,013 |-INFO in ch.qos.logback.core.model.processor.AppenderRefModelHandler - Attaching appender named [CONSOLE] to Logger[ROOT]
17:43:51,014 |-INFO in ch.qos.logback.core.model.processor.DefaultProcessor@27216cd - End of configuration.
17:43:51,014 |-INFO in ch.qos.logback.classic.joran.JoranConfigurator@558bdf1f - Registering current configuration as safe fallback point

]]></system-out>
  </testcase>
  <testcase name="calcAreaZTSExceptionTest(int, int, int)[2]" classname="org.example.lesson4.TriangleTest" time="0.001"/>
  <testcase name="calcAreaZTSExceptionTest(int, int, int)[3]" classname="org.example.lesson4.TriangleTest" time="0.001"/>
  <testcase name="calcAreaNETExceptionTest(int, int, int)[1]" classname="org.example.lesson4.TriangleTest" time="0.001"/>
  <testcase name="calcAreaNETExceptionTest(int, int, int)[2]" classname="org.example.lesson4.TriangleTest" time="0"/>
  <testcase name="calcAreaNETExceptionTest(int, int, int)[3]" classname="org.example.lesson4.TriangleTest" time="0.001"/>
  <testcase name="calcAreaNTSExceptionTest(int, int, int)[1]" classname="org.example.lesson4.TriangleTest" time="0.002"/>
  <testcase name="calcAreaNTSExceptionTest(int, int, int)[2]" classname="org.example.lesson4.TriangleTest" time="0"/>
  <testcase name="calcAreaNTSExceptionTest(int, int, int)[3]" classname="org.example.lesson4.TriangleTest" time="0.001"/>
  <testcase name="calcAreaPositiveTest(int, int, int, double)[1]" classname="org.example.lesson4.TriangleTest" time="0.006"/>
  <testcase name="calcAreaPositiveTest(int, int, int, double)[2]" classname="org.example.lesson4.TriangleTest" time="0.001"/>
  <testcase name="calcAreaPositiveTest(int, int, int, double)[3]" classname="org.example.lesson4.TriangleTest" time="0.001"/>
</testsuite>